<?xml version="1.0" encoding="UTF-8"?>
<!-- Generated by org.testng.reporters.JUnitReportReporter -->
<testsuite hostname="JLT00909L" name="loadtesting.WebDriverTest2" tests="1" failures="0" timestamp="25 Jul 2017 13:09:54 GMT" time="4.650" errors="0">
  <testcase name="testcase1" time="4.650" classname="loadtesting.WebDriverTest2"/>
</testsuite> <!-- loadtesting.WebDriverTest2 -->
