<?xml version="1.0" encoding="UTF-8"?>
<!-- Generated by org.testng.reporters.JUnitReportReporter -->
<testsuite hostname="JLT00909L" name="loadtesting.WebDriverTest" tests="1" failures="0" timestamp="26 Jul 2017 05:59:25 GMT" time="6.929" errors="0">
  <testcase name="testcase1" time="6.929" classname="loadtesting.WebDriverTest"/>
</testsuite> <!-- loadtesting.WebDriverTest -->
