<?xml version="1.0" encoding="UTF-8"?>
<!-- Generated by org.testng.reporters.JUnitReportReporter -->
<testsuite hostname="JLT00909L" name="loadtesting.WebDriverTest" tests="1" failures="0" timestamp="25 Jul 2017 13:09:54 GMT" time="5.630" errors="0">
  <testcase name="testcase1" time="5.630" classname="loadtesting.WebDriverTest"/>
</testsuite> <!-- loadtesting.WebDriverTest -->
